<?xml version="1.0" encoding="UTF-8"?>
<!-- Generated by org.testng.reporters.JUnitReportReporter -->
<testsuite hostname="DESKTOP-AC17OJ5" failures="0" tests="1" name="Edit.EducacionIt.AppTest" time="0.001" errors="0" timestamp="2022-04-19T23:47:35 ART" skipped="0">
  <testcase classname="Edit.EducacionIt.AppTest" name="shouldAnswerWithTrue" time="0.001"/>
  <system-out/>
</testsuite> <!-- Edit.EducacionIt.AppTest -->
