<?xml version="1.0" encoding="UTF-8"?>
<!-- Generated by org.testng.reporters.JUnitReportReporter -->
<testsuite hostname="DESKTOP-AC17OJ5" failures="0" tests="1" name="Edit.EducacionIt.Laboratorio3_Ejercicio1" time="0.000" errors="0" timestamp="2022-04-19T23:47:35 ART" skipped="0">
  <testcase classname="Edit.EducacionIt.Laboratorio3_Ejercicio1" name="test" time="0.000"/>
  <system-out/>
</testsuite> <!-- Edit.EducacionIt.Laboratorio3_Ejercicio1 -->
