<?xml version="1.0" encoding="UTF-8"?>
<!-- Generated by org.testng.reporters.JUnitReportReporter -->
<testsuite hostname="DESKTOP-AC17OJ5" failures="0" tests="1" name="Edit.EducacionIt.Test_BonusTrack2b" time="4.805" errors="0" timestamp="2022-04-26T12:17:44 ART" skipped="0">
  <testcase classname="Edit.EducacionIt.Test_BonusTrack2b" name="loginHRM" time="4.805"/>
  <system-out/>
</testsuite> <!-- Edit.EducacionIt.Test_BonusTrack2b -->
