<?xml version="1.0" encoding="UTF-8"?>
<!-- Generated by org.testng.reporters.JUnitReportReporter -->
<testsuite hostname="DESKTOP-AC17OJ5" failures="0" tests="4" name="Edit.EducacionIt.Laboratorio2" time="21.354" errors="0" timestamp="2022-05-27T14:45:04 ART" skipped="0">
  <testcase classname="Edit.EducacionIt.Laboratorio2" name="lab2_E1" time="9.735"/>
  <system-out/>
  <testcase classname="Edit.EducacionIt.Laboratorio2" name="lab2_E1" time="6.644"/>
  <system-out/>
  <testcase classname="Edit.EducacionIt.Laboratorio2" name="lab1_E3" time="3.622"/>
  <system-out/>
  <testcase classname="Edit.EducacionIt.Laboratorio2" name="lab1_E3" time="1.353"/>
  <system-out/>
</testsuite> <!-- Edit.EducacionIt.Laboratorio2 -->
