<?xml version="1.0" encoding="UTF-8"?>
<!-- Generated by org.testng.reporters.JUnitReportReporter -->
<testsuite hostname="DESKTOP-AC17OJ5" failures="0" tests="4" name="Edit.EducacionIt.Laboratorio1" time="19.862" errors="0" timestamp="2022-05-27T14:35:23 ART" skipped="0">
  <testcase classname="Edit.EducacionIt.Laboratorio1" name="lab1_E1" time="5.591"/>
  <system-out/>
  <testcase classname="Edit.EducacionIt.Laboratorio1" name="lab1_E2" time="7.625"/>
  <system-out/>
  <testcase classname="Edit.EducacionIt.Laboratorio1" name="lab1_E3" time="6.646"/>
  <system-out/>
  <testcase classname="Edit.EducacionIt.Laboratorio1" name="lab1_test" time="0.000"/>
  <system-out/>
</testsuite> <!-- Edit.EducacionIt.Laboratorio1 -->
