<?xml version="1.0" encoding="UTF-8"?>
<!-- Generated by org.testng.reporters.JUnitReportReporter -->
<testsuite hostname="DESKTOP-AC17OJ5" failures="0" tests="1" name="EducacionIT.ProyectoX.Laboratorio5" time="21.441" errors="0" timestamp="2022-04-26T11:24:43 ART" skipped="0">
  <testcase classname="EducacionIT.ProyectoX.Laboratorio5" name="irAContactUs" time="21.441"/>
  <system-out/>
</testsuite> <!-- EducacionIT.ProyectoX.Laboratorio5 -->
