<?xml version="1.0" encoding="UTF-8"?>
<!-- Generated by org.testng.reporters.JUnitReportReporter -->
<testsuite hostname="DESKTOP-AC17OJ5" failures="0" tests="1" name="EducacionIT.ProyectoX.Laboratorio2" time="10.448" errors="0" timestamp="2022-05-01T20:42:58 ART" skipped="0">
  <testcase classname="EducacionIT.ProyectoX.Laboratorio2" name="buscarPalabraChrome" time="10.448"/>
  <system-out/>
</testsuite> <!-- EducacionIT.ProyectoX.Laboratorio2 -->
