<?xml version="1.0" encoding="UTF-8"?>
<!-- Generated by org.testng.reporters.JUnitReportReporter -->
<testsuite hostname="DESKTOP-AC17OJ5" failures="0" tests="1" name="EducacionIT.OpenHRM.AppTest" time="0.005" errors="0" timestamp="2022-05-01T20:12:03 ART" skipped="0">
  <testcase classname="EducacionIT.OpenHRM.AppTest" name="shouldAnswerWithTrue" time="0.005"/>
  <system-out/>
</testsuite> <!-- EducacionIT.OpenHRM.AppTest -->
