<?xml version="1.0" encoding="UTF-8"?>
<!-- Generated by org.testng.reporters.JUnitReportReporter -->
<testsuite hostname="DESKTOP-AC17OJ5" failures="0" tests="1" name="EducacionIT.OpenHRM.Test_BonusTrack1b" time="3.512" errors="0" timestamp="2022-05-27T11:36:16 ART" skipped="0">
  <testcase classname="EducacionIT.OpenHRM.Test_BonusTrack1b" name="paginaLogin" time="3.512"/>
  <system-out/>
</testsuite> <!-- EducacionIT.OpenHRM.Test_BonusTrack1b -->
