<?xml version="1.0" encoding="UTF-8"?>
<!-- Generated by org.testng.reporters.JUnitReportReporter -->
<testsuite hostname="DESKTOP-AC17OJ5" failures="0" tests="6" name="EducacionIT.OpenHRM.Test_BonusTrack2b" time="30.500" errors="0" timestamp="2022-05-27T12:56:49 ART" skipped="0">
  <testcase classname="EducacionIT.OpenHRM.Test_BonusTrack2b" name="loginHRM" time="5.206"/>
  <system-out/>
  <testcase classname="EducacionIT.OpenHRM.Test_BonusTrack2b" name="loginHRM" time="6.521"/>
  <system-out/>
  <testcase classname="EducacionIT.OpenHRM.Test_BonusTrack2b" name="addUSER" time="4.830"/>
  <system-out/>
  <testcase classname="EducacionIT.OpenHRM.Test_BonusTrack2b" name="addUSER" time="4.544"/>
  <system-out/>
  <testcase classname="EducacionIT.OpenHRM.Test_BonusTrack2b" name="delUser" time="4.439"/>
  <system-out/>
  <testcase classname="EducacionIT.OpenHRM.Test_BonusTrack2b" name="delUser" time="4.960"/>
  <system-out/>
</testsuite> <!-- EducacionIT.OpenHRM.Test_BonusTrack2b -->
